d:\svn\2017-2018\sections\prog3a\arthurlacour\c++\sfml-tech\projetsfml\projetsfml\release\vc141.pdb
d:\svn\2017-2018\sections\prog3a\arthurlacour\c++\sfml-tech\projetsfml\projetsfml\release\sftransform.obj
d:\svn\2017-2018\sections\prog3a\arthurlacour\c++\sfml-tech\projetsfml\projetsfml\release\text.obj
d:\svn\2017-2018\sections\prog3a\arthurlacour\c++\sfml-tech\projetsfml\projetsfml\release\system.obj
d:\svn\2017-2018\sections\prog3a\arthurlacour\c++\sfml-tech\projetsfml\projetsfml\release\stdafx.obj
d:\svn\2017-2018\sections\prog3a\arthurlacour\c++\sfml-tech\projetsfml\projetsfml\release\sprite.obj
d:\svn\2017-2018\sections\prog3a\arthurlacour\c++\sfml-tech\projetsfml\projetsfml\release\sfcursor.obj
d:\svn\2017-2018\sections\prog3a\arthurlacour\c++\sfml-tech\projetsfml\projetsfml\release\main.obj
d:\svn\2017-2018\sections\prog3a\arthurlacour\c++\sfml-tech\projetsfml\projetsfml\release\sfbutton.obj
d:\svn\2017-2018\sections\prog3a\arthurlacour\c++\sfml-tech\projetsfml\projetsfml\release\serverlc.obj
d:\svn\2017-2018\sections\prog3a\arthurlacour\c++\sfml-tech\projetsfml\projetsfml\release\networklc.obj
d:\svn\2017-2018\sections\prog3a\arthurlacour\c++\sfml-tech\projetsfml\projetsfml\release\menu.obj
d:\svn\2017-2018\sections\prog3a\arthurlacour\c++\sfml-tech\projetsfml\projetsfml\release\math.obj
d:\svn\2017-2018\sections\prog3a\arthurlacour\c++\sfml-tech\projetsfml\projetsfml\release\ingame.obj
d:\svn\2017-2018\sections\prog3a\arthurlacour\c++\sfml-tech\projetsfml\projetsfml\release\converter.obj
d:\svn\2017-2018\sections\prog3a\arthurlacour\c++\sfml-tech\projetsfml\projetsfml\release\clientlc.obj
d:\svn\2017-2018\sections\prog3a\arthurlacour\c++\sfml-tech\projetsfml\projetsfml\release\audio.obj
d:\svn\2017-2018\sections\prog3a\arthurlacour\c++\sfml-tech\projetsfml\projetsfml\release\sfnetworktransform.obj
d:\svn\2017-2018\sections\prog3a\arthurlacour\c++\sfml-tech\projetsfml\projetsfml\release\sfnetworkbutton.obj
d:\svn\2017-2018\sections\prog3a\arthurlacour\c++\sfml-tech\projetsfml\release\projetsfml.ipdb
d:\svn\2017-2018\sections\prog3a\arthurlacour\c++\sfml-tech\projetsfml\release\projetsfml.iobj
d:\svn\2017-2018\sections\prog3a\arthurlacour\c++\sfml-tech\projetsfml\release\projetsfml.pdb
d:\svn\2017-2018\sections\prog3a\arthurlacour\c++\sfml-tech\projetsfml\release\projetsfml.exe
d:\svn\2017-2018\sections\prog3a\arthurlacour\c++\sfml-tech\projetsfml\projetsfml\release\projetsfml.tlog\cl.command.1.tlog
d:\svn\2017-2018\sections\prog3a\arthurlacour\c++\sfml-tech\projetsfml\projetsfml\release\projetsfml.tlog\cl.read.1.tlog
d:\svn\2017-2018\sections\prog3a\arthurlacour\c++\sfml-tech\projetsfml\projetsfml\release\projetsfml.tlog\cl.write.1.tlog
d:\svn\2017-2018\sections\prog3a\arthurlacour\c++\sfml-tech\projetsfml\projetsfml\release\projetsfml.tlog\link.command.1.tlog
d:\svn\2017-2018\sections\prog3a\arthurlacour\c++\sfml-tech\projetsfml\projetsfml\release\projetsfml.tlog\link.read.1.tlog
d:\svn\2017-2018\sections\prog3a\arthurlacour\c++\sfml-tech\projetsfml\projetsfml\release\projetsfml.tlog\link.write.1.tlog
d:\svn\2017-2018\sections\prog3a\arthurlacour\c++\sfml-tech\projetsfml\projetsfml\release\projetsfml.tlog\projetsfml.write.1u.tlog
