c:\users\arthurlc\documents\créajeux\cours\prog3 (2017-2018)\c++\sfml-tech\projetsfml\projetsfml\debug\vc141.pdb
c:\users\arthurlc\documents\créajeux\cours\prog3 (2017-2018)\c++\sfml-tech\projetsfml\projetsfml\debug\vc141.idb
c:\users\arthurlc\documents\créajeux\cours\prog3 (2017-2018)\c++\sfml-tech\projetsfml\projetsfml\debug\audio.obj
c:\users\arthurlc\documents\créajeux\cours\prog3 (2017-2018)\c++\sfml-tech\projetsfml\projetsfml\debug\clientlc.obj
c:\users\arthurlc\documents\créajeux\cours\prog3 (2017-2018)\c++\sfml-tech\projetsfml\projetsfml\debug\converter.obj
c:\users\arthurlc\documents\créajeux\cours\prog3 (2017-2018)\c++\sfml-tech\projetsfml\projetsfml\debug\ingame.obj
c:\users\arthurlc\documents\créajeux\cours\prog3 (2017-2018)\c++\sfml-tech\projetsfml\projetsfml\debug\math.obj
c:\users\arthurlc\documents\créajeux\cours\prog3 (2017-2018)\c++\sfml-tech\projetsfml\projetsfml\debug\menu.obj
c:\users\arthurlc\documents\créajeux\cours\prog3 (2017-2018)\c++\sfml-tech\projetsfml\projetsfml\debug\networkidentity.obj
c:\users\arthurlc\documents\créajeux\cours\prog3 (2017-2018)\c++\sfml-tech\projetsfml\projetsfml\debug\serverlc.obj
c:\users\arthurlc\documents\créajeux\cours\prog3 (2017-2018)\c++\sfml-tech\projetsfml\projetsfml\debug\sfbutton.obj
c:\users\arthurlc\documents\créajeux\cours\prog3 (2017-2018)\c++\sfml-tech\projetsfml\projetsfml\debug\main.obj
c:\users\arthurlc\documents\créajeux\cours\prog3 (2017-2018)\c++\sfml-tech\projetsfml\projetsfml\debug\sfcursor.obj
c:\users\arthurlc\documents\créajeux\cours\prog3 (2017-2018)\c++\sfml-tech\projetsfml\projetsfml\debug\sfinputfield.obj
c:\users\arthurlc\documents\créajeux\cours\prog3 (2017-2018)\c++\sfml-tech\projetsfml\projetsfml\debug\sfnetworkbutton.obj
c:\users\arthurlc\documents\créajeux\cours\prog3 (2017-2018)\c++\sfml-tech\projetsfml\projetsfml\debug\sfnetworktransform.obj
c:\users\arthurlc\documents\créajeux\cours\prog3 (2017-2018)\c++\sfml-tech\projetsfml\projetsfml\debug\sprite.obj
c:\users\arthurlc\documents\créajeux\cours\prog3 (2017-2018)\c++\sfml-tech\projetsfml\projetsfml\debug\stdafx.obj
c:\users\arthurlc\documents\créajeux\cours\prog3 (2017-2018)\c++\sfml-tech\projetsfml\projetsfml\debug\system.obj
c:\users\arthurlc\documents\créajeux\cours\prog3 (2017-2018)\c++\sfml-tech\projetsfml\projetsfml\debug\text.obj
c:\users\arthurlc\documents\créajeux\cours\prog3 (2017-2018)\c++\sfml-tech\projetsfml\projetsfml\debug\sftransform.obj
c:\users\arthurlc\documents\créajeux\cours\prog3 (2017-2018)\c++\sfml-tech\projetsfml\projetsfml\debug\networklc.obj
c:\users\arthurlc\documents\créajeux\cours\prog3 (2017-2018)\c++\sfml-tech\projetsfml\debug\projetsfml.exe
c:\users\arthurlc\documents\créajeux\cours\prog3 (2017-2018)\c++\sfml-tech\projetsfml\debug\projetsfml.ilk
c:\users\arthurlc\documents\créajeux\cours\prog3 (2017-2018)\c++\sfml-tech\projetsfml\debug\projetsfml.pdb
c:\users\arthurlc\documents\créajeux\cours\prog3 (2017-2018)\c++\sfml-tech\projetsfml\projetsfml\debug\projetsfml.tlog\cl.command.1.tlog
c:\users\arthurlc\documents\créajeux\cours\prog3 (2017-2018)\c++\sfml-tech\projetsfml\projetsfml\debug\projetsfml.tlog\cl.read.1.tlog
c:\users\arthurlc\documents\créajeux\cours\prog3 (2017-2018)\c++\sfml-tech\projetsfml\projetsfml\debug\projetsfml.tlog\cl.write.1.tlog
c:\users\arthurlc\documents\créajeux\cours\prog3 (2017-2018)\c++\sfml-tech\projetsfml\projetsfml\debug\projetsfml.tlog\link.command.1.tlog
c:\users\arthurlc\documents\créajeux\cours\prog3 (2017-2018)\c++\sfml-tech\projetsfml\projetsfml\debug\projetsfml.tlog\link.read.1.tlog
c:\users\arthurlc\documents\créajeux\cours\prog3 (2017-2018)\c++\sfml-tech\projetsfml\projetsfml\debug\projetsfml.tlog\link.write.1.tlog
