  sfNetworkButton.cpp
  Génération de code en cours...
  Compilation en cours...
  converter.cpp
  InGame.cpp
  Génération de code en cours...
  Ignoré... (aucune modification pertinente détectée)
  text.cpp
  system.cpp
  stdafx.cpp
  sprite.cpp
  sfTransform.cpp
  sfNetworkTransform.cpp
  sfInputField.cpp
  sfCursor.cpp
  sfButton.cpp
  math.cpp
  main.cpp
  audio.cpp
  NetworkLC.cpp
  Menu.cpp
  ProjetSFML.vcxproj -> D:\SVN\2017-2018\Sections\Prog3A\arthurlacour\C++\SFML-Tech\ProjetSFML\Debug\ProjetSFML.exe
